2025-06-25 09:05:25.033 [info] ComputeTargetPlatform: linux-x64
2025-06-25 09:05:33.882 [info] ComputeTargetPlatform: linux-x64
2025-06-25 09:05:55.873 [info] Getting Manifest... ms-vscode.cpptools-themes
2025-06-25 09:05:57.174 [info] Installing extension: ms-vscode.cpptools-themes {"isMachineScoped":false,"installPreReleaseVersion":false,"pinned":false,"profileLocation":{"$mid":1,"external":"vscode-userdata:/home/alice/.vscode-oss/extensions/extensions.json","path":"/home/alice/.vscode-oss/extensions/extensions.json","scheme":"vscode-userdata"},"isApplicationScoped":false,"productVersion":{"version":"1.101.1","date":"2025-06-22T08:48:25.116Z"}}
2025-06-25 09:06:03.210 [info] Extension signature verification result for ms-vscode.cpptools-themes: Success. Executed: true. Duration: 1019ms.
2025-06-25 09:06:03.263 [info] Extracted extension to file:///home/alice/.vscode-oss/extensions/ms-vscode.cpptools-themes-1.0.0-universal: ms-vscode.cpptools-themes
2025-06-25 09:06:03.327 [info] Renamed to /home/alice/.vscode-oss/extensions/ms-vscode.cpptools-themes-1.0.0-universal
2025-06-25 09:06:03.427 [info] Extension installed successfully: ms-vscode.cpptools-themes vscode-userdata:/home/alice/.vscode-oss/extensions/extensions.json
2025-06-25 09:08:00.676 [info] Getting Manifest... kylinideteam.kylin-cpp-pack
2025-06-25 09:08:01.409 [info] Installing extension: kylinideteam.kylin-cpp-pack {"isMachineScoped":false,"installPreReleaseVersion":false,"pinned":false,"profileLocation":{"$mid":1,"external":"vscode-userdata:/home/alice/.vscode-oss/extensions/extensions.json","path":"/home/alice/.vscode-oss/extensions/extensions.json","scheme":"vscode-userdata"},"isApplicationScoped":false,"productVersion":{"version":"1.101.1","date":"2025-06-22T08:48:25.116Z"}}
2025-06-25 09:08:01.647 [info] Getting Manifest... kylinideteam.cppdebug
2025-06-25 09:08:02.003 [info] Getting Manifest... kylinideteam.kylin-clangd
2025-06-25 09:08:02.484 [info] Getting Manifest... redhat.vscode-yaml
2025-06-25 09:08:02.823 [info] Getting Manifest... kylinideteam.kylin-cmake-tools
2025-06-25 09:08:03.335 [info] Getting Manifest... kylinideteam.cmake-intellisence
2025-06-25 09:08:03.676 [info] Installing extension: kylinideteam.cppdebug {"isMachineScoped":false,"installPreReleaseVersion":false,"pinned":false,"profileLocation":{"$mid":1,"external":"vscode-userdata:/home/alice/.vscode-oss/extensions/extensions.json","path":"/home/alice/.vscode-oss/extensions/extensions.json","scheme":"vscode-userdata"},"isApplicationScoped":false,"productVersion":{"version":"1.101.1","date":"2025-06-22T08:48:25.116Z"},"installGivenVersion":false,"context":{"dependecyOrPackExtensionInstall":true}}
2025-06-25 09:08:03.677 [info] Installing extension: kylinideteam.kylin-clangd {"isMachineScoped":false,"installPreReleaseVersion":false,"pinned":false,"profileLocation":{"$mid":1,"external":"vscode-userdata:/home/alice/.vscode-oss/extensions/extensions.json","path":"/home/alice/.vscode-oss/extensions/extensions.json","scheme":"vscode-userdata"},"isApplicationScoped":false,"productVersion":{"version":"1.101.1","date":"2025-06-22T08:48:25.116Z"},"installGivenVersion":false,"context":{"dependecyOrPackExtensionInstall":true}}
2025-06-25 09:08:03.677 [info] Installing extension: redhat.vscode-yaml {"isMachineScoped":false,"installPreReleaseVersion":false,"pinned":false,"profileLocation":{"$mid":1,"external":"vscode-userdata:/home/alice/.vscode-oss/extensions/extensions.json","path":"/home/alice/.vscode-oss/extensions/extensions.json","scheme":"vscode-userdata"},"isApplicationScoped":false,"productVersion":{"version":"1.101.1","date":"2025-06-22T08:48:25.116Z"},"installGivenVersion":false,"context":{"dependecyOrPackExtensionInstall":true}}
2025-06-25 09:08:03.677 [info] Installing extension: kylinideteam.kylin-cmake-tools {"isMachineScoped":false,"installPreReleaseVersion":false,"pinned":false,"profileLocation":{"$mid":1,"external":"vscode-userdata:/home/alice/.vscode-oss/extensions/extensions.json","path":"/home/alice/.vscode-oss/extensions/extensions.json","scheme":"vscode-userdata"},"isApplicationScoped":false,"productVersion":{"version":"1.101.1","date":"2025-06-22T08:48:25.116Z"},"installGivenVersion":false,"context":{"dependecyOrPackExtensionInstall":true}}
2025-06-25 09:08:03.678 [info] Installing extension: kylinideteam.cmake-intellisence {"isMachineScoped":false,"installPreReleaseVersion":false,"pinned":false,"profileLocation":{"$mid":1,"external":"vscode-userdata:/home/alice/.vscode-oss/extensions/extensions.json","path":"/home/alice/.vscode-oss/extensions/extensions.json","scheme":"vscode-userdata"},"isApplicationScoped":false,"productVersion":{"version":"1.101.1","date":"2025-06-22T08:48:25.116Z"},"installGivenVersion":false,"context":{"dependecyOrPackExtensionInstall":true}}
2025-06-25 09:08:05.471 [info] Extension signature verification result for kylinideteam.kylin-cpp-pack: Success. Executed: true. Duration: 586ms.
2025-06-25 09:08:05.513 [info] Extracted extension to file:///home/alice/.vscode-oss/extensions/kylinideteam.kylin-cpp-pack-0.1.0-universal: kylinideteam.kylin-cpp-pack
2025-06-25 09:08:05.590 [info] Renamed to /home/alice/.vscode-oss/extensions/kylinideteam.kylin-cpp-pack-0.1.0-universal
2025-06-25 09:08:07.321 [info] Extension signature verification result for kylinideteam.cmake-intellisence: Success. Executed: true. Duration: 304ms.
2025-06-25 09:08:07.432 [info] Extracted extension to file:///home/alice/.vscode-oss/extensions/kylinideteam.cmake-intellisence-0.3.5-universal: kylinideteam.cmake-intellisence
2025-06-25 09:08:07.535 [info] Renamed to /home/alice/.vscode-oss/extensions/kylinideteam.cmake-intellisence-0.3.5-universal
2025-06-25 09:08:08.225 [info] Extension signature verification result for redhat.vscode-yaml: Success. Executed: true. Duration: 315ms.
2025-06-25 09:08:08.400 [info] Extracted extension to file:///home/alice/.vscode-oss/extensions/redhat.vscode-yaml-1.18.0-universal: redhat.vscode-yaml
2025-06-25 09:08:08.450 [info] Renamed to /home/alice/.vscode-oss/extensions/redhat.vscode-yaml-1.18.0-universal
2025-06-25 09:08:09.195 [info] Extension signature verification result for kylinideteam.kylin-cmake-tools: Success. Executed: true. Duration: 385ms.
2025-06-25 09:08:09.732 [info] Extracted extension to file:///home/alice/.vscode-oss/extensions/kylinideteam.kylin-cmake-tools-0.0.4-universal: kylinideteam.kylin-cmake-tools
2025-06-25 09:08:09.808 [info] Renamed to /home/alice/.vscode-oss/extensions/kylinideteam.kylin-cmake-tools-0.0.4-universal
2025-06-25 09:08:39.570 [info] Extension signature verification result for kylinideteam.kylin-clangd: Success. Executed: true. Duration: 716ms.
2025-06-25 09:08:40.334 [info] Extracted extension to file:///home/alice/.vscode-oss/extensions/kylinideteam.kylin-clangd-0.4.0-linux-x64: kylinideteam.kylin-clangd
2025-06-25 09:08:40.351 [info] Renamed to /home/alice/.vscode-oss/extensions/kylinideteam.kylin-clangd-0.4.0-linux-x64
2025-06-25 09:08:45.293 [info] Extension signature verification result for kylinideteam.cppdebug: Success. Executed: true. Duration: 796ms.
2025-06-25 09:08:47.233 [info] Extracted extension to file:///home/alice/.vscode-oss/extensions/kylinideteam.cppdebug-0.0.9-linux-x64: kylinideteam.cppdebug
2025-06-25 09:08:47.391 [info] Renamed to /home/alice/.vscode-oss/extensions/kylinideteam.cppdebug-0.0.9-linux-x64
2025-06-25 09:08:47.540 [info] Extension installed successfully: kylinideteam.kylin-cpp-pack vscode-userdata:/home/alice/.vscode-oss/extensions/extensions.json
2025-06-25 09:08:47.541 [info] Extension installed successfully: kylinideteam.cmake-intellisence vscode-userdata:/home/alice/.vscode-oss/extensions/extensions.json
2025-06-25 09:08:47.541 [info] Extension installed successfully: redhat.vscode-yaml vscode-userdata:/home/alice/.vscode-oss/extensions/extensions.json
2025-06-25 09:08:47.542 [info] Extension installed successfully: kylinideteam.kylin-cmake-tools vscode-userdata:/home/alice/.vscode-oss/extensions/extensions.json
2025-06-25 09:08:47.542 [info] Extension installed successfully: kylinideteam.kylin-clangd vscode-userdata:/home/alice/.vscode-oss/extensions/extensions.json
2025-06-25 09:08:47.542 [info] Extension installed successfully: kylinideteam.cppdebug vscode-userdata:/home/alice/.vscode-oss/extensions/extensions.json
