2025-06-23 16:45:39.401 [info] [main] Log level: Info
2025-06-23 16:45:39.401 [info] [main] Validating found git in: "git"
2025-06-23 16:45:39.401 [info] [main] Using git "2.50.0" from "git"
2025-06-23 16:45:39.401 [info] [Model][doInitialScan] Initial repository scan started
2025-06-23 16:45:39.401 [info] [Model][doInitialScan] Initial repository scan completed - repositories (0), closed repositories (0), parent repositories (0), unsafe repositories (0)
2025-06-23 16:46:06.201 [info] [main] Log level: Info
2025-06-23 16:46:06.201 [info] [main] Validating found git in: "git"
2025-06-23 16:46:06.201 [info] [main] Using git "2.50.0" from "git"
2025-06-23 16:46:06.201 [info] [Model][doInitialScan] Initial repository scan started
2025-06-23 16:46:06.201 [info] > git rev-parse --show-toplevel [17ms]
2025-06-23 16:46:06.201 [info] fatal: not a git repository (or any parent up to mount point /)
Stopping at filesystem boundary (GIT_DISCOVERY_ACROSS_FILESYSTEM not set).
2025-06-23 16:46:06.204 [info] > git rev-parse --show-toplevel [4ms]
2025-06-23 16:46:06.204 [info] fatal: not a git repository (or any parent up to mount point /)
Stopping at filesystem boundary (GIT_DISCOVERY_ACROSS_FILESYSTEM not set).
2025-06-23 16:46:06.205 [info] [Model][doInitialScan] Initial repository scan completed - repositories (0), closed repositories (0), parent repositories (0), unsafe repositories (0)
2025-06-23 16:46:06.739 [info] > git rev-parse --show-toplevel [8ms]
2025-06-23 16:46:06.740 [info] fatal: not a git repository (or any parent up to mount point /)
Stopping at filesystem boundary (GIT_DISCOVERY_ACROSS_FILESYSTEM not set).
2025-06-23 16:50:36.750 [info] > git rev-parse --show-toplevel [4ms]
2025-06-23 16:50:36.750 [info] fatal: not a git repository (or any parent up to mount point /)
Stopping at filesystem boundary (GIT_DISCOVERY_ACROSS_FILESYSTEM not set).
2025-06-23 16:50:39.939 [info] > git rev-parse --show-toplevel [7ms]
2025-06-23 16:50:39.939 [info] fatal: not a git repository (or any parent up to mount point /)
Stopping at filesystem boundary (GIT_DISCOVERY_ACROSS_FILESYSTEM not set).
2025-06-23 17:06:06.035 [info] > git rev-parse --show-toplevel [6ms]
2025-06-23 17:06:06.035 [info] fatal: not a git repository (or any parent up to mount point /)
Stopping at filesystem boundary (GIT_DISCOVERY_ACROSS_FILESYSTEM not set).
2025-06-23 17:06:21.266 [info] > git rev-parse --show-toplevel [6ms]
2025-06-23 17:06:21.266 [info] fatal: not a git repository (or any parent up to mount point /)
Stopping at filesystem boundary (GIT_DISCOVERY_ACROSS_FILESYSTEM not set).
