2025-06-23 19:35:50.529 [info] [main] Log level: Info
2025-06-23 19:35:50.529 [info] [main] Validating found git in: "git"
2025-06-23 19:35:50.529 [info] [main] Using git "2.50.0" from "git"
2025-06-23 19:35:50.529 [info] [Model][doInitialScan] Initial repository scan started
2025-06-23 19:35:50.529 [info] > git rev-parse --show-toplevel [57ms]
2025-06-23 19:35:50.529 [info] fatal: not a git repository (or any parent up to mount point /)
Stopping at filesystem boundary (GIT_DISCOVERY_ACROSS_FILESYSTEM not set).
2025-06-23 19:35:50.529 [info] > git rev-parse --show-toplevel [8ms]
2025-06-23 19:35:50.529 [info] fatal: not a git repository (or any parent up to mount point /)
Stopping at filesystem boundary (GIT_DISCOVERY_ACROSS_FILESYSTEM not set).
2025-06-23 19:35:50.529 [info] [Model][doInitialScan] Initial repository scan completed - repositories (0), closed repositories (0), parent repositories (0), unsafe repositories (0)
2025-06-23 19:35:50.529 [info] > git rev-parse --show-toplevel [54ms]
2025-06-23 19:35:50.529 [info] fatal: not a git repository (or any parent up to mount point /)
Stopping at filesystem boundary (GIT_DISCOVERY_ACROSS_FILESYSTEM not set).
2025-06-23 19:39:06.521 [info] > git rev-parse --show-toplevel [2ms]
2025-06-23 19:39:06.521 [info] fatal: not a git repository (or any parent up to mount point /)
Stopping at filesystem boundary (GIT_DISCOVERY_ACROSS_FILESYSTEM not set).
2025-06-23 19:39:28.155 [info] > git rev-parse --show-toplevel [4ms]
2025-06-23 19:39:28.156 [info] fatal: not a git repository (or any parent up to mount point /)
Stopping at filesystem boundary (GIT_DISCOVERY_ACROSS_FILESYSTEM not set).
