2025-06-23 22:10:24.716 [info] [main] Log level: Info
2025-06-23 22:10:24.716 [info] [main] Validating found git in: "git"
2025-06-23 22:10:24.861 [info] [main] Using git "2.50.0" from "git"
2025-06-23 22:10:24.861 [info] [Model][doInitialScan] Initial repository scan started
2025-06-23 22:10:24.903 [info] > git rev-parse --show-toplevel [22ms]
2025-06-23 22:10:24.903 [info] fatal: not a git repository (or any parent up to mount point /)
Stopping at filesystem boundary (GIT_DISCOVERY_ACROSS_FILESYSTEM not set).
2025-06-23 22:10:24.927 [info] > git rev-parse --show-toplevel [8ms]
2025-06-23 22:10:24.927 [info] fatal: not a git repository (or any parent up to mount point /)
Stopping at filesystem boundary (GIT_DISCOVERY_ACROSS_FILESYSTEM not set).
2025-06-23 22:10:24.928 [info] [Model][doInitialScan] Initial repository scan completed - repositories (0), closed repositories (0), parent repositories (0), unsafe repositories (0)
2025-06-23 22:10:29.644 [info] > git rev-parse --show-toplevel [3ms]
2025-06-23 22:10:29.645 [info] fatal: not a git repository (or any parent up to mount point /)
Stopping at filesystem boundary (GIT_DISCOVERY_ACROSS_FILESYSTEM not set).
2025-06-23 22:10:34.304 [info] > git rev-parse --show-toplevel [4ms]
2025-06-23 22:10:34.304 [info] fatal: not a git repository (or any parent up to mount point /)
Stopping at filesystem boundary (GIT_DISCOVERY_ACROSS_FILESYSTEM not set).
2025-06-23 22:11:02.914 [info] [main] Log level: Info
2025-06-23 22:11:02.914 [info] [main] Validating found git in: "git"
2025-06-23 22:11:02.914 [info] [main] Using git "2.50.0" from "git"
2025-06-23 22:11:02.914 [info] [Model][doInitialScan] Initial repository scan started
2025-06-23 22:11:02.914 [info] > git rev-parse --show-toplevel [38ms]
2025-06-23 22:11:02.914 [info] fatal: not a git repository (or any parent up to mount point /)
Stopping at filesystem boundary (GIT_DISCOVERY_ACROSS_FILESYSTEM not set).
2025-06-23 22:11:02.914 [info] > git rev-parse --show-toplevel [6ms]
2025-06-23 22:11:02.914 [info] fatal: not a git repository (or any parent up to mount point /)
Stopping at filesystem boundary (GIT_DISCOVERY_ACROSS_FILESYSTEM not set).
2025-06-23 22:11:02.914 [info] [Model][doInitialScan] Initial repository scan completed - repositories (0), closed repositories (0), parent repositories (0), unsafe repositories (0)
