2025-06-29 11:17:55.145 [info] Extension host with pid 1054 started
2025-06-29 11:17:55.145 [info] Skipping acquiring lock for /home/alice/.config/Code - OSS/User/workspaceStorage/f8c245d95999f844117789af67901e9d.
2025-06-29 11:17:55.167 [info] ExtensionService#_doActivateExtension vscode.emmet, startup: false, activationEvent: 'onLanguage'
2025-06-29 11:17:55.253 [info] ExtensionService#_doActivateExtension vscode.git-base, startup: true, activationEvent: '*', root cause: vscode.git
2025-06-29 11:17:55.275 [info] ExtensionService#_doActivateExtension vscode.git, startup: true, activationEvent: '*'
2025-06-29 11:17:55.363 [info] ExtensionService#_doActivateExtension vscode.github, startup: true, activationEvent: '*'
2025-06-29 11:17:55.963 [info] Eager extensions activated
2025-06-29 11:17:55.994 [info] ExtensionService#_doActivateExtension vscode.debug-auto-launch, startup: false, activationEvent: 'onStartupFinished'
2025-06-29 11:17:56.020 [info] ExtensionService#_doActivateExtension vscode.merge-conflict, startup: false, activationEvent: 'onStartupFinished'
2025-06-29 11:20:24.464 [info] Extension host terminating: renderer closed the MessagePort
2025-06-29 11:20:24.477 [info] Extension host with pid 1054 exiting with code 0
2025-06-29 11:20:27.061 [info] Extension host with pid 1219 started
2025-06-29 11:20:27.061 [info] Skipping acquiring lock for /home/alice/.config/Code - OSS/User/workspaceStorage/506dc8c7c4c0e709a962b5343e8476cb.
2025-06-29 11:20:27.159 [info] ExtensionService#_doActivateExtension vscode.configuration-editing, startup: false, activationEvent: 'onLanguage:jsonc'
2025-06-29 11:20:27.426 [info] ExtensionService#_doActivateExtension vscode.json-language-features, startup: false, activationEvent: 'onLanguage:jsonc'
2025-06-29 11:20:27.723 [info] ExtensionService#_doActivateExtension vscode.typescript-language-features, startup: false, activationEvent: 'onLanguage:jsonc'
2025-06-29 11:20:28.125 [info] ExtensionService#_doActivateExtension vscode.emmet, startup: false, activationEvent: 'onLanguage'
2025-06-29 11:20:28.250 [info] ExtensionService#_doActivateExtension vscode.git-base, startup: true, activationEvent: '*'
2025-06-29 11:20:28.294 [info] ExtensionService#_doActivateExtension vscode.github, startup: true, activationEvent: '*'
2025-06-29 11:20:28.389 [info] Eager extensions activated
2025-06-29 11:20:28.392 [info] ExtensionService#_doActivateExtension vscode.debug-auto-launch, startup: false, activationEvent: 'onStartupFinished'
2025-06-29 11:20:28.397 [info] ExtensionService#_doActivateExtension vscode.merge-conflict, startup: false, activationEvent: 'onStartupFinished'
2025-06-29 11:20:39.776 [info] ExtensionService#_doActivateExtension vscode.git, startup: false, activationEvent: 'api', root cause: vscode.github
2025-06-29 11:20:50.161 [info] ExtensionService#_doActivateExtension KylinIdeTeam.cppdebug, startup: false, activationEvent: 'onLanguage:cpp'
2025-06-29 11:20:50.175 [info] ExtensionService#_doActivateExtension KylinIdeTeam.kylin-clangd, startup: false, activationEvent: 'onLanguage:cpp'
2025-06-29 11:20:50.405 [info] ExtensionService#_doActivateExtension KylinIdeTeam.kylin-cmake-tools, startup: false, activationEvent: 'api', root cause: KylinIdeTeam.kylin-clangd
2025-06-29 11:26:43.609 [error] [KylinIdeTeam.kylin-clangd] provider FAILED
2025-06-29 11:26:43.609 [error] {"a":true,"b":null}
2025-06-29 11:27:00.557 [error] [KylinIdeTeam.kylin-clangd] provider FAILED
2025-06-29 11:27:00.558 [error] {"a":true,"b":null}
2025-06-29 11:27:04.167 [error] [KylinIdeTeam.kylin-clangd] provider FAILED
2025-06-29 11:27:04.167 [error] {"a":true,"b":null}
2025-06-29 11:27:11.090 [error] [KylinIdeTeam.kylin-clangd] provider FAILED
2025-06-29 11:27:11.090 [error] {"a":true,"b":null}
2025-06-29 11:27:22.405 [error] [KylinIdeTeam.kylin-clangd] provider FAILED
2025-06-29 11:27:22.405 [error] {"a":true,"b":null}
2025-06-29 11:27:22.461 [error] [KylinIdeTeam.kylin-clangd] provider FAILED
2025-06-29 11:27:22.461 [error] {"a":true,"b":null}
2025-06-29 11:27:22.624 [error] [KylinIdeTeam.kylin-clangd] provider FAILED
2025-06-29 11:27:22.624 [error] {"a":true,"b":null}
2025-06-29 11:27:22.702 [error] [KylinIdeTeam.kylin-clangd] provider FAILED
2025-06-29 11:27:22.702 [error] {"a":true,"b":null}
2025-06-29 11:27:22.739 [error] [KylinIdeTeam.kylin-clangd] provider FAILED
2025-06-29 11:27:22.739 [error] {"a":true,"b":null}
2025-06-29 11:27:22.785 [error] [KylinIdeTeam.kylin-clangd] provider FAILED
2025-06-29 11:27:22.785 [error] {"a":true,"b":null}
2025-06-29 11:27:22.823 [error] [KylinIdeTeam.kylin-clangd] provider FAILED
2025-06-29 11:27:22.823 [error] {"a":true,"b":null}
2025-06-29 11:27:22.900 [error] [KylinIdeTeam.kylin-clangd] provider FAILED
2025-06-29 11:27:22.901 [error] {"a":true,"b":null}
2025-06-29 11:27:22.940 [error] [KylinIdeTeam.kylin-clangd] provider FAILED
2025-06-29 11:27:22.940 [error] {"a":true,"b":null}
2025-06-29 11:27:23.023 [error] [KylinIdeTeam.kylin-clangd] provider FAILED
2025-06-29 11:27:23.023 [error] {"a":true,"b":null}
2025-06-29 11:27:23.103 [error] [KylinIdeTeam.kylin-clangd] provider FAILED
2025-06-29 11:27:23.103 [error] {"a":true,"b":null}
2025-06-29 11:27:23.140 [error] [KylinIdeTeam.kylin-clangd] provider FAILED
2025-06-29 11:27:23.140 [error] {"a":true,"b":null}
2025-06-29 11:27:31.623 [error] [KylinIdeTeam.kylin-clangd] provider FAILED
2025-06-29 11:27:31.624 [error] {"a":true,"b":null}
2025-06-29 11:27:48.625 [error] [KylinIdeTeam.kylin-clangd] provider FAILED
2025-06-29 11:27:48.625 [error] {"a":true,"b":null}
2025-06-29 11:28:39.935 [error] [KylinIdeTeam.kylin-clangd] provider FAILED
2025-06-29 11:28:39.935 [error] {"a":true,"b":null}
2025-06-29 11:42:45.583 [info] ExtensionService#_doActivateExtension vscode.grunt, startup: false, activationEvent: 'onTaskType:grunt'
2025-06-29 11:42:45.631 [info] ExtensionService#_doActivateExtension vscode.gulp, startup: false, activationEvent: 'onTaskType:gulp'
2025-06-29 11:42:45.640 [info] ExtensionService#_doActivateExtension vscode.jake, startup: false, activationEvent: 'onTaskType:jake'
2025-06-29 11:42:45.650 [info] ExtensionService#_doActivateExtension vscode.npm, startup: false, activationEvent: 'onTaskType:npm'
2025-06-29 11:43:02.246 [error] [KylinIdeTeam.kylin-clangd] provider FAILED
2025-06-29 11:43:02.246 [error] {"a":true,"b":null}
2025-06-29 11:43:26.458 [error] [KylinIdeTeam.kylin-clangd] provider FAILED
2025-06-29 11:43:26.458 [error] {"a":true,"b":null}
2025-06-29 11:45:34.141 [error] [KylinIdeTeam.kylin-clangd] provider FAILED
2025-06-29 11:45:34.141 [error] {"a":true,"b":null}
2025-06-29 11:45:40.840 [error] [KylinIdeTeam.kylin-clangd] provider FAILED
2025-06-29 11:45:40.840 [error] {"a":true,"b":null}
2025-06-29 11:45:40.840 [error] [KylinIdeTeam.kylin-clangd] provider FAILED
2025-06-29 11:45:40.840 [error] {"a":true,"b":null}
2025-06-29 11:45:40.842 [error] [KylinIdeTeam.kylin-clangd] provider FAILED
2025-06-29 11:45:40.842 [error] {"a":true,"b":null}
2025-06-29 11:45:58.147 [error] [KylinIdeTeam.kylin-clangd] provider FAILED
2025-06-29 11:45:58.147 [error] {"a":true,"b":null}
2025-06-29 11:46:03.746 [error] [KylinIdeTeam.kylin-clangd] provider FAILED
2025-06-29 11:46:03.746 [error] {"a":true,"b":null}
2025-06-29 11:50:05.694 [error] [KylinIdeTeam.kylin-clangd] provider FAILED
2025-06-29 11:50:05.694 [error] {"a":true,"b":null}
2025-06-29 11:50:05.762 [error] [KylinIdeTeam.kylin-clangd] provider FAILED
2025-06-29 11:50:05.762 [error] {"a":true,"b":null}
2025-06-29 11:50:05.803 [error] [KylinIdeTeam.kylin-clangd] provider FAILED
2025-06-29 11:50:05.803 [error] {"a":true,"b":null}
2025-06-29 11:50:05.841 [error] [KylinIdeTeam.kylin-clangd] provider FAILED
2025-06-29 11:50:05.842 [error] {"a":true,"b":null}
2025-06-29 11:50:05.923 [error] [KylinIdeTeam.kylin-clangd] provider FAILED
2025-06-29 11:50:05.923 [error] {"a":true,"b":null}
2025-06-29 11:50:05.966 [error] [KylinIdeTeam.kylin-clangd] provider FAILED
2025-06-29 11:50:05.966 [error] {"a":true,"b":null}
2025-06-29 11:50:06.004 [error] [KylinIdeTeam.kylin-clangd] provider FAILED
2025-06-29 11:50:06.004 [error] {"a":true,"b":null}
2025-06-29 11:50:06.046 [error] [KylinIdeTeam.kylin-clangd] provider FAILED
2025-06-29 11:50:06.046 [error] {"a":true,"b":null}
2025-06-29 11:50:06.085 [error] [KylinIdeTeam.kylin-clangd] provider FAILED
2025-06-29 11:50:06.085 [error] {"a":true,"b":null}
2025-06-29 11:50:06.123 [error] [KylinIdeTeam.kylin-clangd] provider FAILED
2025-06-29 11:50:06.123 [error] {"a":true,"b":null}
2025-06-29 11:50:06.167 [error] [KylinIdeTeam.kylin-clangd] provider FAILED
2025-06-29 11:50:06.167 [error] {"a":true,"b":null}
2025-06-29 11:50:06.244 [error] [KylinIdeTeam.kylin-clangd] provider FAILED
2025-06-29 11:50:06.244 [error] {"a":true,"b":null}
2025-06-29 11:50:06.284 [error] [KylinIdeTeam.kylin-clangd] provider FAILED
2025-06-29 11:50:06.284 [error] {"a":true,"b":null}
2025-06-29 11:50:06.321 [error] [KylinIdeTeam.kylin-clangd] provider FAILED
2025-06-29 11:50:06.321 [error] {"a":true,"b":null}
2025-06-29 11:50:06.363 [error] [KylinIdeTeam.kylin-clangd] provider FAILED
2025-06-29 11:50:06.363 [error] {"a":true,"b":null}
2025-06-29 11:50:06.405 [error] [KylinIdeTeam.kylin-clangd] provider FAILED
2025-06-29 11:50:06.405 [error] {"a":true,"b":null}
2025-06-29 11:50:06.445 [error] [KylinIdeTeam.kylin-clangd] provider FAILED
2025-06-29 11:50:06.445 [error] {"a":true,"b":null}
2025-06-29 11:50:06.486 [error] [KylinIdeTeam.kylin-clangd] provider FAILED
2025-06-29 11:50:06.486 [error] {"a":true,"b":null}
2025-06-29 11:50:06.562 [error] [KylinIdeTeam.kylin-clangd] provider FAILED
2025-06-29 11:50:06.562 [error] {"a":true,"b":null}
2025-06-29 11:50:06.605 [error] [KylinIdeTeam.kylin-clangd] provider FAILED
2025-06-29 11:50:06.606 [error] {"a":true,"b":null}
2025-06-29 11:50:06.646 [error] [KylinIdeTeam.kylin-clangd] provider FAILED
2025-06-29 11:50:06.646 [error] {"a":true,"b":null}
2025-06-29 11:50:06.687 [error] [KylinIdeTeam.kylin-clangd] provider FAILED
2025-06-29 11:50:06.687 [error] {"a":true,"b":null}
2025-06-29 11:50:06.721 [error] [KylinIdeTeam.kylin-clangd] provider FAILED
2025-06-29 11:50:06.721 [error] {"a":true,"b":null}
2025-06-29 11:50:06.766 [error] [KylinIdeTeam.kylin-clangd] provider FAILED
2025-06-29 11:50:06.766 [error] {"a":true,"b":null}
2025-06-29 11:50:06.803 [error] [KylinIdeTeam.kylin-clangd] provider FAILED
2025-06-29 11:50:06.803 [error] {"a":true,"b":null}
2025-06-29 11:50:06.888 [error] [KylinIdeTeam.kylin-clangd] provider FAILED
2025-06-29 11:50:06.888 [error] {"a":true,"b":null}
2025-06-29 11:50:06.927 [error] [KylinIdeTeam.kylin-clangd] provider FAILED
2025-06-29 11:50:06.927 [error] {"a":true,"b":null}
2025-06-29 11:50:06.968 [error] [KylinIdeTeam.kylin-clangd] provider FAILED
2025-06-29 11:50:06.968 [error] {"a":true,"b":null}
2025-06-29 11:50:07.006 [error] [KylinIdeTeam.kylin-clangd] provider FAILED
2025-06-29 11:50:07.006 [error] {"a":true,"b":null}
2025-06-29 11:50:10.077 [error] [KylinIdeTeam.kylin-clangd] provider FAILED
2025-06-29 11:50:10.077 [error] {"a":true,"b":null}
2025-06-29 11:50:10.553 [error] [KylinIdeTeam.kylin-clangd] provider FAILED
2025-06-29 11:50:10.553 [error] {"a":true,"b":null}
2025-06-29 11:50:15.938 [error] [KylinIdeTeam.kylin-clangd] provider FAILED
2025-06-29 11:50:15.938 [error] {"a":true,"b":null}
2025-06-29 11:50:15.968 [error] [KylinIdeTeam.kylin-clangd] provider FAILED
2025-06-29 11:50:15.968 [error] {"a":true,"b":null}
2025-06-29 11:50:16.035 [error] [KylinIdeTeam.kylin-clangd] provider FAILED
2025-06-29 11:50:16.035 [error] {"a":true,"b":null}
2025-06-29 11:50:16.087 [error] [KylinIdeTeam.kylin-clangd] provider FAILED
2025-06-29 11:50:16.087 [error] {"a":true,"b":null}
2025-06-29 11:50:16.109 [error] [KylinIdeTeam.kylin-clangd] provider FAILED
2025-06-29 11:50:16.110 [error] {"a":true,"b":null}
2025-06-29 11:50:16.147 [error] [KylinIdeTeam.kylin-clangd] provider FAILED
2025-06-29 11:50:16.147 [error] {"a":true,"b":null}
2025-06-29 11:50:16.216 [error] [KylinIdeTeam.kylin-clangd] provider FAILED
2025-06-29 11:50:16.216 [error] {"a":true,"b":null}
2025-06-29 11:50:16.251 [error] [KylinIdeTeam.kylin-clangd] provider FAILED
2025-06-29 11:50:16.251 [error] {"a":true,"b":null}
2025-06-29 11:50:16.292 [error] [KylinIdeTeam.kylin-clangd] provider FAILED
2025-06-29 11:50:16.292 [error] {"a":true,"b":null}
2025-06-29 11:50:16.333 [error] [KylinIdeTeam.kylin-clangd] provider FAILED
2025-06-29 11:50:16.333 [error] {"a":true,"b":null}
2025-06-29 11:50:16.371 [error] [KylinIdeTeam.kylin-clangd] provider FAILED
2025-06-29 11:50:16.371 [error] {"a":true,"b":null}
2025-06-29 11:50:16.412 [error] [KylinIdeTeam.kylin-clangd] provider FAILED
2025-06-29 11:50:16.412 [error] {"a":true,"b":null}
2025-06-29 11:50:16.501 [error] [KylinIdeTeam.kylin-clangd] provider FAILED
2025-06-29 11:50:16.501 [error] {"a":true,"b":null}
2025-06-29 11:50:16.533 [error] [KylinIdeTeam.kylin-clangd] provider FAILED
2025-06-29 11:50:16.533 [error] {"a":true,"b":null}
2025-06-29 11:50:16.583 [error] [KylinIdeTeam.kylin-clangd] provider FAILED
2025-06-29 11:50:16.583 [error] {"a":true,"b":null}
2025-06-29 11:50:16.615 [error] [KylinIdeTeam.kylin-clangd] provider FAILED
2025-06-29 11:50:16.615 [error] {"a":true,"b":null}
2025-06-29 11:50:16.653 [error] [KylinIdeTeam.kylin-clangd] provider FAILED
2025-06-29 11:50:16.654 [error] {"a":true,"b":null}
2025-06-29 11:50:16.697 [error] [KylinIdeTeam.kylin-clangd] provider FAILED
2025-06-29 11:50:16.697 [error] {"a":true,"b":null}
2025-06-29 11:50:16.736 [error] [KylinIdeTeam.kylin-clangd] provider FAILED
2025-06-29 11:50:16.736 [error] {"a":true,"b":null}
2025-06-29 11:50:16.818 [error] [KylinIdeTeam.kylin-clangd] provider FAILED
2025-06-29 11:50:16.818 [error] {"a":true,"b":null}
2025-06-29 11:50:16.853 [error] [KylinIdeTeam.kylin-clangd] provider FAILED
2025-06-29 11:50:16.853 [error] {"a":true,"b":null}
2025-06-29 11:50:16.904 [error] [KylinIdeTeam.kylin-clangd] provider FAILED
2025-06-29 11:50:16.905 [error] {"a":true,"b":null}
2025-06-29 11:50:16.933 [error] [KylinIdeTeam.kylin-clangd] provider FAILED
2025-06-29 11:50:16.933 [error] {"a":true,"b":null}
2025-06-29 11:50:16.976 [error] [KylinIdeTeam.kylin-clangd] provider FAILED
2025-06-29 11:50:16.976 [error] {"a":true,"b":null}
2025-06-29 11:50:17.017 [error] [KylinIdeTeam.kylin-clangd] provider FAILED
2025-06-29 11:50:17.017 [error] {"a":true,"b":null}
2025-06-29 11:50:17.055 [error] [KylinIdeTeam.kylin-clangd] provider FAILED
2025-06-29 11:50:17.056 [error] {"a":true,"b":null}
2025-06-29 11:50:17.138 [error] [KylinIdeTeam.kylin-clangd] provider FAILED
2025-06-29 11:50:17.138 [error] {"a":true,"b":null}
2025-06-29 11:50:17.175 [error] [KylinIdeTeam.kylin-clangd] provider FAILED
2025-06-29 11:50:17.175 [error] {"a":true,"b":null}
2025-06-29 11:50:22.563 [error] [KylinIdeTeam.kylin-clangd] provider FAILED
2025-06-29 11:50:22.563 [error] {"a":true,"b":null}
2025-06-29 11:50:22.584 [error] [KylinIdeTeam.kylin-clangd] provider FAILED
2025-06-29 11:50:22.584 [error] {"a":true,"b":null}
2025-06-29 11:50:22.615 [error] [KylinIdeTeam.kylin-clangd] provider FAILED
2025-06-29 11:50:22.615 [error] {"a":true,"b":null}
2025-06-29 11:50:23.373 [error] [KylinIdeTeam.kylin-clangd] provider FAILED
2025-06-29 11:50:23.373 [error] {"a":true,"b":null}
2025-06-29 11:50:23.404 [error] [KylinIdeTeam.kylin-clangd] provider FAILED
2025-06-29 11:50:23.404 [error] {"a":true,"b":null}
2025-06-29 11:50:23.441 [error] [KylinIdeTeam.kylin-clangd] provider FAILED
2025-06-29 11:50:23.441 [error] {"a":true,"b":null}
2025-06-29 11:50:23.483 [error] [KylinIdeTeam.kylin-clangd] provider FAILED
2025-06-29 11:50:23.483 [error] {"a":true,"b":null}
2025-06-29 11:50:23.521 [error] [KylinIdeTeam.kylin-clangd] provider FAILED
2025-06-29 11:50:23.521 [error] {"a":true,"b":null}
2025-06-29 11:50:23.561 [error] [KylinIdeTeam.kylin-clangd] provider FAILED
2025-06-29 11:50:23.561 [error] {"a":true,"b":null}
2025-06-29 11:50:23.597 [error] [KylinIdeTeam.kylin-clangd] provider FAILED
2025-06-29 11:50:23.597 [error] {"a":true,"b":null}
2025-06-29 11:50:23.639 [error] [KylinIdeTeam.kylin-clangd] provider FAILED
2025-06-29 11:50:23.639 [error] {"a":true,"b":null}
2025-06-29 11:50:23.682 [error] [KylinIdeTeam.kylin-clangd] provider FAILED
2025-06-29 11:50:23.682 [error] {"a":true,"b":null}
2025-06-29 11:50:23.721 [error] [KylinIdeTeam.kylin-clangd] provider FAILED
2025-06-29 11:50:23.721 [error] {"a":true,"b":null}
2025-06-29 11:50:23.759 [error] [KylinIdeTeam.kylin-clangd] provider FAILED
2025-06-29 11:50:23.759 [error] {"a":true,"b":null}
2025-06-29 11:50:23.800 [error] [KylinIdeTeam.kylin-clangd] provider FAILED
2025-06-29 11:50:23.800 [error] {"a":true,"b":null}
2025-06-29 11:50:23.839 [error] [KylinIdeTeam.kylin-clangd] provider FAILED
2025-06-29 11:50:23.839 [error] {"a":true,"b":null}
2025-06-29 11:50:23.885 [error] [KylinIdeTeam.kylin-clangd] provider FAILED
2025-06-29 11:50:23.885 [error] {"a":true,"b":null}
2025-06-29 11:50:23.918 [error] [KylinIdeTeam.kylin-clangd] provider FAILED
2025-06-29 11:50:23.918 [error] {"a":true,"b":null}
2025-06-29 11:50:23.959 [error] [KylinIdeTeam.kylin-clangd] provider FAILED
2025-06-29 11:50:23.959 [error] {"a":true,"b":null}
2025-06-29 11:50:24.002 [error] [KylinIdeTeam.kylin-clangd] provider FAILED
2025-06-29 11:50:24.002 [error] {"a":true,"b":null}
2025-06-29 11:50:24.040 [error] [KylinIdeTeam.kylin-clangd] provider FAILED
2025-06-29 11:50:24.040 [error] {"a":true,"b":null}
2025-06-29 11:50:24.079 [error] [KylinIdeTeam.kylin-clangd] provider FAILED
2025-06-29 11:50:24.079 [error] {"a":true,"b":null}
2025-06-29 11:50:24.120 [error] [KylinIdeTeam.kylin-clangd] provider FAILED
2025-06-29 11:50:24.120 [error] {"a":true,"b":null}
2025-06-29 11:50:24.158 [error] [KylinIdeTeam.kylin-clangd] provider FAILED
2025-06-29 11:50:24.158 [error] {"a":true,"b":null}
2025-06-29 11:50:24.200 [error] [KylinIdeTeam.kylin-clangd] provider FAILED
2025-06-29 11:50:24.200 [error] {"a":true,"b":null}
2025-06-29 11:50:24.240 [error] [KylinIdeTeam.kylin-clangd] provider FAILED
2025-06-29 11:50:24.240 [error] {"a":true,"b":null}
2025-06-29 11:50:24.280 [error] [KylinIdeTeam.kylin-clangd] provider FAILED
2025-06-29 11:50:24.280 [error] {"a":true,"b":null}
2025-06-29 11:50:24.318 [error] [KylinIdeTeam.kylin-clangd] provider FAILED
2025-06-29 11:50:24.318 [error] {"a":true,"b":null}
2025-06-29 11:50:24.401 [error] [KylinIdeTeam.kylin-clangd] provider FAILED
2025-06-29 11:50:24.401 [error] {"a":true,"b":null}
2025-06-29 11:50:24.439 [error] [KylinIdeTeam.kylin-clangd] provider FAILED
2025-06-29 11:50:24.439 [error] {"a":true,"b":null}
2025-06-29 11:50:31.067 [error] [KylinIdeTeam.kylin-clangd] provider FAILED
2025-06-29 11:50:31.067 [error] {"a":true,"b":null}
2025-06-29 11:50:31.083 [error] [KylinIdeTeam.kylin-clangd] provider FAILED
2025-06-29 11:50:31.083 [error] {"a":true,"b":null}
2025-06-29 11:50:31.110 [error] [KylinIdeTeam.kylin-clangd] provider FAILED
2025-06-29 11:50:31.110 [error] {"a":true,"b":null}
2025-06-29 11:50:31.149 [error] [KylinIdeTeam.kylin-clangd] provider FAILED
2025-06-29 11:50:31.149 [error] {"a":true,"b":null}
2025-06-29 11:50:31.190 [error] [KylinIdeTeam.kylin-clangd] provider FAILED
2025-06-29 11:50:31.190 [error] {"a":true,"b":null}
2025-06-29 11:50:31.231 [error] [KylinIdeTeam.kylin-clangd] provider FAILED
2025-06-29 11:50:31.231 [error] {"a":true,"b":null}
2025-06-29 11:50:31.314 [error] [KylinIdeTeam.kylin-clangd] provider FAILED
2025-06-29 11:50:31.314 [error] {"a":true,"b":null}
2025-06-29 11:50:31.377 [error] [KylinIdeTeam.kylin-clangd] provider FAILED
2025-06-29 11:50:31.377 [error] {"a":true,"b":null}
2025-06-29 11:50:31.446 [error] [KylinIdeTeam.kylin-clangd] provider FAILED
2025-06-29 11:50:31.446 [error] {"a":true,"b":null}
2025-06-29 11:50:32.327 [error] [KylinIdeTeam.kylin-clangd] provider FAILED
2025-06-29 11:50:32.327 [error] {"a":true,"b":null}
2025-06-29 11:50:32.359 [error] [KylinIdeTeam.kylin-clangd] provider FAILED
2025-06-29 11:50:32.359 [error] {"a":true,"b":null}
2025-06-29 11:50:32.395 [error] [KylinIdeTeam.kylin-clangd] provider FAILED
2025-06-29 11:50:32.395 [error] {"a":true,"b":null}
2025-06-29 11:50:32.437 [error] [KylinIdeTeam.kylin-clangd] provider FAILED
2025-06-29 11:50:32.437 [error] {"a":true,"b":null}
2025-06-29 11:50:32.475 [error] [KylinIdeTeam.kylin-clangd] provider FAILED
2025-06-29 11:50:32.475 [error] {"a":true,"b":null}
2025-06-29 11:50:32.517 [error] [KylinIdeTeam.kylin-clangd] provider FAILED
2025-06-29 11:50:32.517 [error] {"a":true,"b":null}
2025-06-29 11:50:32.555 [error] [KylinIdeTeam.kylin-clangd] provider FAILED
2025-06-29 11:50:32.555 [error] {"a":true,"b":null}
2025-06-29 11:50:32.594 [error] [KylinIdeTeam.kylin-clangd] provider FAILED
2025-06-29 11:50:32.594 [error] {"a":true,"b":null}
2025-06-29 11:50:32.634 [error] [KylinIdeTeam.kylin-clangd] provider FAILED
2025-06-29 11:50:32.634 [error] {"a":true,"b":null}
2025-06-29 11:50:32.676 [error] [KylinIdeTeam.kylin-clangd] provider FAILED
2025-06-29 11:50:32.676 [error] {"a":true,"b":null}
2025-06-29 11:50:32.715 [error] [KylinIdeTeam.kylin-clangd] provider FAILED
2025-06-29 11:50:32.716 [error] {"a":true,"b":null}
2025-06-29 11:50:32.759 [error] [KylinIdeTeam.kylin-clangd] provider FAILED
2025-06-29 11:50:32.759 [error] {"a":true,"b":null}
2025-06-29 11:50:32.881 [error] [KylinIdeTeam.kylin-clangd] provider FAILED
2025-06-29 11:50:32.881 [error] {"a":true,"b":null}
2025-06-29 11:50:32.915 [error] [KylinIdeTeam.kylin-clangd] provider FAILED
2025-06-29 11:50:32.915 [error] {"a":true,"b":null}
2025-06-29 11:50:33.973 [error] [KylinIdeTeam.kylin-clangd] provider FAILED
2025-06-29 11:50:33.973 [error] {"a":true,"b":null}
2025-06-29 11:50:33.973 [error] [KylinIdeTeam.kylin-clangd] provider FAILED
2025-06-29 11:50:33.973 [error] {"a":true,"b":null}
2025-06-29 11:50:40.013 [error] [KylinIdeTeam.kylin-clangd] provider FAILED
2025-06-29 11:50:40.013 [error] {"a":true,"b":null}
2025-06-29 11:50:40.035 [error] [KylinIdeTeam.kylin-clangd] provider FAILED
2025-06-29 11:50:40.035 [error] {"a":true,"b":null}
2025-06-29 11:50:40.064 [error] [KylinIdeTeam.kylin-clangd] provider FAILED
2025-06-29 11:50:40.064 [error] {"a":true,"b":null}
2025-06-29 11:50:40.104 [error] [KylinIdeTeam.kylin-clangd] provider FAILED
2025-06-29 11:50:40.104 [error] {"a":true,"b":null}
2025-06-29 11:50:40.148 [error] [KylinIdeTeam.kylin-clangd] provider FAILED
2025-06-29 11:50:40.148 [error] {"a":true,"b":null}
2025-06-29 11:50:40.188 [error] [KylinIdeTeam.kylin-clangd] provider FAILED
2025-06-29 11:50:40.188 [error] {"a":true,"b":null}
2025-06-29 11:50:40.225 [error] [KylinIdeTeam.kylin-clangd] provider FAILED
2025-06-29 11:50:40.225 [error] {"a":true,"b":null}
2025-06-29 11:50:40.267 [error] [KylinIdeTeam.kylin-clangd] provider FAILED
2025-06-29 11:50:40.267 [error] {"a":true,"b":null}
2025-06-29 11:50:40.305 [error] [KylinIdeTeam.kylin-clangd] provider FAILED
2025-06-29 11:50:40.305 [error] {"a":true,"b":null}
2025-06-29 11:50:40.346 [error] [KylinIdeTeam.kylin-clangd] provider FAILED
2025-06-29 11:50:40.346 [error] {"a":true,"b":null}
2025-06-29 11:50:40.388 [error] [KylinIdeTeam.kylin-clangd] provider FAILED
2025-06-29 11:50:40.388 [error] {"a":true,"b":null}
2025-06-29 11:50:40.429 [error] [KylinIdeTeam.kylin-clangd] provider FAILED
2025-06-29 11:50:40.430 [error] {"a":true,"b":null}
2025-06-29 11:50:40.467 [error] [KylinIdeTeam.kylin-clangd] provider FAILED
2025-06-29 11:50:40.467 [error] {"a":true,"b":null}
2025-06-29 11:50:40.509 [error] [KylinIdeTeam.kylin-clangd] provider FAILED
2025-06-29 11:50:40.509 [error] {"a":true,"b":null}
2025-06-29 11:50:40.548 [error] [KylinIdeTeam.kylin-clangd] provider FAILED
2025-06-29 11:50:40.548 [error] {"a":true,"b":null}
2025-06-29 11:50:40.636 [error] [KylinIdeTeam.kylin-clangd] provider FAILED
2025-06-29 11:50:40.636 [error] {"a":true,"b":null}
2025-06-29 11:50:40.669 [error] [KylinIdeTeam.kylin-clangd] provider FAILED
2025-06-29 11:50:40.669 [error] {"a":true,"b":null}
2025-06-29 11:50:40.713 [error] [KylinIdeTeam.kylin-clangd] provider FAILED
2025-06-29 11:50:40.713 [error] {"a":true,"b":null}
2025-06-29 11:50:40.751 [error] [KylinIdeTeam.kylin-clangd] provider FAILED
2025-06-29 11:50:40.751 [error] {"a":true,"b":null}
2025-06-29 11:50:40.789 [error] [KylinIdeTeam.kylin-clangd] provider FAILED
2025-06-29 11:50:40.789 [error] {"a":true,"b":null}
2025-06-29 11:50:40.832 [error] [KylinIdeTeam.kylin-clangd] provider FAILED
2025-06-29 11:50:40.832 [error] {"a":true,"b":null}
2025-06-29 11:50:40.954 [error] [KylinIdeTeam.kylin-clangd] provider FAILED
2025-06-29 11:50:40.954 [error] {"a":true,"b":null}
2025-06-29 11:50:40.990 [error] [KylinIdeTeam.kylin-clangd] provider FAILED
2025-06-29 11:50:40.990 [error] {"a":true,"b":null}
2025-06-29 11:50:41.033 [error] [KylinIdeTeam.kylin-clangd] provider FAILED
2025-06-29 11:50:41.033 [error] {"a":true,"b":null}
2025-06-29 11:50:41.070 [error] [KylinIdeTeam.kylin-clangd] provider FAILED
2025-06-29 11:50:41.070 [error] {"a":true,"b":null}
2025-06-29 11:50:41.115 [error] [KylinIdeTeam.kylin-clangd] provider FAILED
2025-06-29 11:50:41.115 [error] {"a":true,"b":null}
2025-06-29 11:50:41.153 [error] [KylinIdeTeam.kylin-clangd] provider FAILED
2025-06-29 11:50:41.153 [error] {"a":true,"b":null}
2025-06-29 11:50:41.191 [error] [KylinIdeTeam.kylin-clangd] provider FAILED
2025-06-29 11:50:41.191 [error] {"a":true,"b":null}
2025-06-29 11:50:41.316 [error] [KylinIdeTeam.kylin-clangd] provider FAILED
2025-06-29 11:50:41.316 [error] {"a":true,"b":null}
2025-06-29 11:50:41.356 [error] [KylinIdeTeam.kylin-clangd] provider FAILED
2025-06-29 11:50:41.356 [error] {"a":true,"b":null}
2025-06-29 11:50:46.843 [error] [KylinIdeTeam.kylin-clangd] provider FAILED
2025-06-29 11:50:46.843 [error] {"a":true,"b":null}
2025-06-29 11:50:46.868 [error] [KylinIdeTeam.kylin-clangd] provider FAILED
2025-06-29 11:50:46.868 [error] {"a":true,"b":null}
2025-06-29 11:50:46.900 [error] [KylinIdeTeam.kylin-clangd] provider FAILED
2025-06-29 11:50:46.900 [error] {"a":true,"b":null}
2025-06-29 11:50:46.944 [error] [KylinIdeTeam.kylin-clangd] provider FAILED
2025-06-29 11:50:46.944 [error] {"a":true,"b":null}
2025-06-29 11:50:46.983 [error] [KylinIdeTeam.kylin-clangd] provider FAILED
2025-06-29 11:50:46.983 [error] {"a":true,"b":null}
2025-06-29 11:50:47.022 [error] [KylinIdeTeam.kylin-clangd] provider FAILED
2025-06-29 11:50:47.022 [error] {"a":true,"b":null}
2025-06-29 11:50:47.065 [error] [KylinIdeTeam.kylin-clangd] provider FAILED
2025-06-29 11:50:47.065 [error] {"a":true,"b":null}
2025-06-29 11:50:47.103 [error] [KylinIdeTeam.kylin-clangd] provider FAILED
2025-06-29 11:50:47.103 [error] {"a":true,"b":null}
2025-06-29 11:50:47.141 [error] [KylinIdeTeam.kylin-clangd] provider FAILED
2025-06-29 11:50:47.141 [error] {"a":true,"b":null}
2025-06-29 11:50:47.180 [error] [KylinIdeTeam.kylin-clangd] provider FAILED
2025-06-29 11:50:47.180 [error] {"a":true,"b":null}
2025-06-29 11:50:47.222 [error] [KylinIdeTeam.kylin-clangd] provider FAILED
2025-06-29 11:50:47.222 [error] {"a":true,"b":null}
2025-06-29 11:50:47.265 [error] [KylinIdeTeam.kylin-clangd] provider FAILED
2025-06-29 11:50:47.265 [error] {"a":true,"b":null}
2025-06-29 11:50:47.300 [error] [KylinIdeTeam.kylin-clangd] provider FAILED
2025-06-29 11:50:47.301 [error] {"a":true,"b":null}
2025-06-29 11:50:47.344 [error] [KylinIdeTeam.kylin-clangd] provider FAILED
2025-06-29 11:50:47.344 [error] {"a":true,"b":null}
2025-06-29 11:50:47.381 [error] [KylinIdeTeam.kylin-clangd] provider FAILED
2025-06-29 11:50:47.381 [error] {"a":true,"b":null}
2025-06-29 11:50:47.423 [error] [KylinIdeTeam.kylin-clangd] provider FAILED
2025-06-29 11:50:47.423 [error] {"a":true,"b":null}
2025-06-29 11:50:47.468 [error] [KylinIdeTeam.kylin-clangd] provider FAILED
2025-06-29 11:50:47.468 [error] {"a":true,"b":null}
2025-06-29 11:50:47.505 [error] [KylinIdeTeam.kylin-clangd] provider FAILED
2025-06-29 11:50:47.505 [error] {"a":true,"b":null}
2025-06-29 11:50:47.544 [error] [KylinIdeTeam.kylin-clangd] provider FAILED
2025-06-29 11:50:47.544 [error] {"a":true,"b":null}
2025-06-29 11:50:47.584 [error] [KylinIdeTeam.kylin-clangd] provider FAILED
2025-06-29 11:50:47.584 [error] {"a":true,"b":null}
2025-06-29 11:50:47.624 [error] [KylinIdeTeam.kylin-clangd] provider FAILED
2025-06-29 11:50:47.624 [error] {"a":true,"b":null}
2025-06-29 11:50:47.669 [error] [KylinIdeTeam.kylin-clangd] provider FAILED
2025-06-29 11:50:47.669 [error] {"a":true,"b":null}
2025-06-29 11:50:47.752 [error] [KylinIdeTeam.kylin-clangd] provider FAILED
2025-06-29 11:50:47.752 [error] {"a":true,"b":null}
2025-06-29 11:50:47.801 [error] [KylinIdeTeam.kylin-clangd] provider FAILED
2025-06-29 11:50:47.801 [error] {"a":true,"b":null}
2025-06-29 11:50:47.803 [error] [KylinIdeTeam.kylin-clangd] provider FAILED
2025-06-29 11:50:47.803 [error] {"a":true,"b":null}
2025-06-29 11:50:47.877 [error] [KylinIdeTeam.kylin-clangd] provider FAILED
2025-06-29 11:50:47.877 [error] {"a":true,"b":null}
2025-06-29 11:50:47.909 [error] [KylinIdeTeam.kylin-clangd] provider FAILED
2025-06-29 11:50:47.909 [error] {"a":true,"b":null}
2025-06-29 11:50:47.950 [error] [KylinIdeTeam.kylin-clangd] provider FAILED
2025-06-29 11:50:47.950 [error] {"a":true,"b":null}
2025-06-29 11:50:47.990 [error] [KylinIdeTeam.kylin-clangd] provider FAILED
2025-06-29 11:50:47.990 [error] {"a":true,"b":null}
2025-06-29 11:50:48.032 [error] [KylinIdeTeam.kylin-clangd] provider FAILED
2025-06-29 11:50:48.032 [error] {"a":true,"b":null}
2025-06-29 11:50:48.069 [error] [KylinIdeTeam.kylin-clangd] provider FAILED
2025-06-29 11:50:48.069 [error] {"a":true,"b":null}
2025-06-29 11:50:48.109 [error] [KylinIdeTeam.kylin-clangd] provider FAILED
2025-06-29 11:50:48.109 [error] {"a":true,"b":null}
2025-06-29 11:50:48.151 [error] [KylinIdeTeam.kylin-clangd] provider FAILED
2025-06-29 11:50:48.151 [error] {"a":true,"b":null}
2025-06-29 11:52:47.480 [error] [KylinIdeTeam.kylin-clangd] provider FAILED
2025-06-29 11:52:47.480 [error] {"a":true,"b":null}
2025-06-29 11:52:47.482 [error] [KylinIdeTeam.kylin-clangd] provider FAILED
2025-06-29 11:52:47.482 [error] {"a":true,"b":null}
2025-06-29 11:52:47.482 [error] [KylinIdeTeam.kylin-clangd] provider FAILED
2025-06-29 11:52:47.482 [error] {"a":true,"b":null}
2025-06-29 11:52:47.490 [error] [KylinIdeTeam.kylin-clangd] provider FAILED
2025-06-29 11:52:47.490 [error] {"a":true,"b":null}
2025-06-29 11:52:47.490 [error] [KylinIdeTeam.kylin-clangd] provider FAILED
2025-06-29 11:52:47.490 [error] {"a":true,"b":null}
2025-06-29 11:53:40.594 [error] [KylinIdeTeam.kylin-clangd] provider FAILED
2025-06-29 11:53:40.595 [error] {"a":true,"b":null}
2025-06-29 11:53:52.596 [error] [KylinIdeTeam.kylin-clangd] provider FAILED
2025-06-29 11:53:52.596 [error] {"a":true,"b":null}
2025-06-29 11:53:52.636 [error] [KylinIdeTeam.kylin-clangd] provider FAILED
2025-06-29 11:53:52.636 [error] {"a":true,"b":null}
2025-06-29 11:54:27.904 [error] [KylinIdeTeam.kylin-clangd] provider FAILED
2025-06-29 11:54:27.904 [error] {"a":true,"b":null}
2025-06-29 11:54:28.771 [error] [KylinIdeTeam.kylin-clangd] provider FAILED
2025-06-29 11:54:28.771 [error] {"a":true,"b":null}
2025-06-29 11:54:40.219 [error] [KylinIdeTeam.kylin-clangd] provider FAILED
2025-06-29 11:54:40.219 [error] {"a":true,"b":null}
2025-06-29 12:16:02.673 [info] ExtensionService#_doActivateExtension vscode.references-view, startup: false, activationEvent: 'onCommand:references-view.findImplementations'
