2025-06-29 11:17:52.598 [info] Started initializing default profile extensions in extensions installation folder. file:///home/alice/.vscode-oss/extensions
2025-06-29 11:17:52.731 [info] ComputeTargetPlatform: linux-x64
2025-06-29 11:17:53.607 [info] Completed initializing default profile extensions in extensions installation folder. file:///home/alice/.vscode-oss/extensions
2025-06-29 11:19:10.680 [info] ComputeTargetPlatform: linux-x64
2025-06-29 11:19:21.192 [info] Getting Manifest... kylinideteam.kylin-cpp-pack
2025-06-29 11:19:22.638 [info] Installing extension: kylinideteam.kylin-cpp-pack {"isMachineScoped":false,"installPreReleaseVersion":false,"pinned":false,"profileLocation":{"$mid":1,"external":"vscode-userdata:/home/alice/.vscode-oss/extensions/extensions.json","path":"/home/alice/.vscode-oss/extensions/extensions.json","scheme":"vscode-userdata"},"isApplicationScoped":false,"productVersion":{"version":"1.101.1","date":"2025-06-22T08:48:25.116Z"}}
2025-06-29 11:19:22.845 [info] Getting Manifest... kylinideteam.cppdebug
2025-06-29 11:19:23.608 [info] Getting Manifest... kylinideteam.kylin-clangd
2025-06-29 11:19:24.302 [info] Getting Manifest... redhat.vscode-yaml
2025-06-29 11:19:24.643 [info] Getting Manifest... kylinideteam.kylin-cmake-tools
2025-06-29 11:19:25.338 [info] Getting Manifest... kylinideteam.cmake-intellisence
2025-06-29 11:19:25.686 [info] Installing extension: kylinideteam.cppdebug {"isMachineScoped":false,"installPreReleaseVersion":false,"pinned":false,"profileLocation":{"$mid":1,"external":"vscode-userdata:/home/alice/.vscode-oss/extensions/extensions.json","path":"/home/alice/.vscode-oss/extensions/extensions.json","scheme":"vscode-userdata"},"isApplicationScoped":false,"productVersion":{"version":"1.101.1","date":"2025-06-22T08:48:25.116Z"},"installGivenVersion":false,"context":{"dependecyOrPackExtensionInstall":true}}
2025-06-29 11:19:25.687 [info] Installing extension: kylinideteam.kylin-clangd {"isMachineScoped":false,"installPreReleaseVersion":false,"pinned":false,"profileLocation":{"$mid":1,"external":"vscode-userdata:/home/alice/.vscode-oss/extensions/extensions.json","path":"/home/alice/.vscode-oss/extensions/extensions.json","scheme":"vscode-userdata"},"isApplicationScoped":false,"productVersion":{"version":"1.101.1","date":"2025-06-22T08:48:25.116Z"},"installGivenVersion":false,"context":{"dependecyOrPackExtensionInstall":true}}
2025-06-29 11:19:25.687 [info] Installing extension: redhat.vscode-yaml {"isMachineScoped":false,"installPreReleaseVersion":false,"pinned":false,"profileLocation":{"$mid":1,"external":"vscode-userdata:/home/alice/.vscode-oss/extensions/extensions.json","path":"/home/alice/.vscode-oss/extensions/extensions.json","scheme":"vscode-userdata"},"isApplicationScoped":false,"productVersion":{"version":"1.101.1","date":"2025-06-22T08:48:25.116Z"},"installGivenVersion":false,"context":{"dependecyOrPackExtensionInstall":true}}
2025-06-29 11:19:25.688 [info] Installing extension: kylinideteam.kylin-cmake-tools {"isMachineScoped":false,"installPreReleaseVersion":false,"pinned":false,"profileLocation":{"$mid":1,"external":"vscode-userdata:/home/alice/.vscode-oss/extensions/extensions.json","path":"/home/alice/.vscode-oss/extensions/extensions.json","scheme":"vscode-userdata"},"isApplicationScoped":false,"productVersion":{"version":"1.101.1","date":"2025-06-22T08:48:25.116Z"},"installGivenVersion":false,"context":{"dependecyOrPackExtensionInstall":true}}
2025-06-29 11:19:25.688 [info] Installing extension: kylinideteam.cmake-intellisence {"isMachineScoped":false,"installPreReleaseVersion":false,"pinned":false,"profileLocation":{"$mid":1,"external":"vscode-userdata:/home/alice/.vscode-oss/extensions/extensions.json","path":"/home/alice/.vscode-oss/extensions/extensions.json","scheme":"vscode-userdata"},"isApplicationScoped":false,"productVersion":{"version":"1.101.1","date":"2025-06-22T08:48:25.116Z"},"installGivenVersion":false,"context":{"dependecyOrPackExtensionInstall":true}}
2025-06-29 11:19:31.273 [info] Extension signature verification result for kylinideteam.cmake-intellisence: Success. Executed: true. Duration: 1192ms.
2025-06-29 11:19:31.322 [info] Getting Manifest... ms-vscode.cpptools-themes
2025-06-29 11:19:31.328 [info] Extension signature verification result for redhat.vscode-yaml: Success. Executed: true. Duration: 1106ms.
2025-06-29 11:19:31.388 [info] Extracted extension to file:///home/alice/.vscode-oss/extensions/kylinideteam.cmake-intellisence-0.3.5-universal: kylinideteam.cmake-intellisence
2025-06-29 11:19:31.536 [info] Extension signature verification result for kylinideteam.kylin-cpp-pack: Success. Executed: true. Duration: 1262ms.
2025-06-29 11:19:31.574 [info] Extracted extension to file:///home/alice/.vscode-oss/extensions/kylinideteam.kylin-cpp-pack-0.1.0-universal: kylinideteam.kylin-cpp-pack
2025-06-29 11:19:31.669 [info] Installing extension: ms-vscode.cpptools-themes {"isMachineScoped":false,"installPreReleaseVersion":false,"pinned":false,"profileLocation":{"$mid":1,"external":"vscode-userdata:/home/alice/.vscode-oss/extensions/extensions.json","path":"/home/alice/.vscode-oss/extensions/extensions.json","scheme":"vscode-userdata"},"isApplicationScoped":false,"productVersion":{"version":"1.101.1","date":"2025-06-22T08:48:25.116Z"}}
2025-06-29 11:19:31.765 [info] Renamed to /home/alice/.vscode-oss/extensions/kylinideteam.cmake-intellisence-0.3.5-universal
2025-06-29 11:19:31.998 [info] Renamed to /home/alice/.vscode-oss/extensions/kylinideteam.kylin-cpp-pack-0.1.0-universal
2025-06-29 11:19:32.015 [info] Extracted extension to file:///home/alice/.vscode-oss/extensions/redhat.vscode-yaml-1.18.0-universal: redhat.vscode-yaml
2025-06-29 11:19:32.246 [info] Extension signature verification result for kylinideteam.kylin-clangd: Success. Executed: true. Duration: 2018ms.
2025-06-29 11:19:32.253 [info] Renamed to /home/alice/.vscode-oss/extensions/redhat.vscode-yaml-1.18.0-universal
2025-06-29 11:19:32.274 [info] Extension signature verification result for kylinideteam.kylin-cmake-tools: Success. Executed: true. Duration: 2047ms.
2025-06-29 11:19:32.666 [info] Extension signature verification result for ms-vscode.cpptools-themes: Success. Executed: true. Duration: 280ms.
2025-06-29 11:19:32.705 [info] Extracted extension to file:///home/alice/.vscode-oss/extensions/ms-vscode.cpptools-themes-1.0.0-universal: ms-vscode.cpptools-themes
2025-06-29 11:19:32.854 [info] Extension signature verification result for kylinideteam.cppdebug: Success. Executed: true. Duration: 2628ms.
2025-06-29 11:19:32.858 [info] Renamed to /home/alice/.vscode-oss/extensions/ms-vscode.cpptools-themes-1.0.0-universal
2025-06-29 11:19:32.933 [info] Extension installed successfully: ms-vscode.cpptools-themes vscode-userdata:/home/alice/.vscode-oss/extensions/extensions.json
2025-06-29 11:19:33.222 [info] Extracted extension to file:///home/alice/.vscode-oss/extensions/kylinideteam.kylin-clangd-0.4.0-linux-x64: kylinideteam.kylin-clangd
2025-06-29 11:19:33.300 [info] Renamed to /home/alice/.vscode-oss/extensions/kylinideteam.kylin-clangd-0.4.0-linux-x64
2025-06-29 11:19:33.702 [info] Extracted extension to file:///home/alice/.vscode-oss/extensions/kylinideteam.kylin-cmake-tools-0.0.4-universal: kylinideteam.kylin-cmake-tools
2025-06-29 11:19:33.781 [info] Renamed to /home/alice/.vscode-oss/extensions/kylinideteam.kylin-cmake-tools-0.0.4-universal
2025-06-29 11:19:34.866 [info] Extracted extension to file:///home/alice/.vscode-oss/extensions/kylinideteam.cppdebug-0.0.9-linux-x64: kylinideteam.cppdebug
2025-06-29 11:19:34.939 [info] Renamed to /home/alice/.vscode-oss/extensions/kylinideteam.cppdebug-0.0.9-linux-x64
2025-06-29 11:19:35.028 [info] Extension installed successfully: kylinideteam.cmake-intellisence vscode-userdata:/home/alice/.vscode-oss/extensions/extensions.json
2025-06-29 11:19:35.029 [info] Extension installed successfully: kylinideteam.kylin-cpp-pack vscode-userdata:/home/alice/.vscode-oss/extensions/extensions.json
2025-06-29 11:19:35.029 [info] Extension installed successfully: redhat.vscode-yaml vscode-userdata:/home/alice/.vscode-oss/extensions/extensions.json
2025-06-29 11:19:35.029 [info] Extension installed successfully: kylinideteam.kylin-clangd vscode-userdata:/home/alice/.vscode-oss/extensions/extensions.json
2025-06-29 11:19:35.029 [info] Extension installed successfully: kylinideteam.kylin-cmake-tools vscode-userdata:/home/alice/.vscode-oss/extensions/extensions.json
2025-06-29 11:19:35.030 [info] Extension installed successfully: kylinideteam.cppdebug vscode-userdata:/home/alice/.vscode-oss/extensions/extensions.json
