2025-06-23 16:45:37.854 [info] Extension host with pid 2425 started
2025-06-23 16:45:37.905 [info] ExtensionService#_doActivateExtension vscode.configuration-editing, startup: false, activationEvent: 'onLanguage:jsonc'
2025-06-23 16:45:37.959 [info] ExtensionService#_doActivateExtension vscode.json-language-features, startup: false, activationEvent: 'onLanguage:jsonc'
2025-06-23 16:45:38.234 [info] ExtensionService#_doActivateExtension vscode.typescript-language-features, startup: false, activationEvent: 'onLanguage:jsonc'
2025-06-23 16:45:38.529 [info] ExtensionService#_doActivateExtension vscode.emmet, startup: false, activationEvent: 'onLanguage'
2025-06-23 16:45:38.915 [info] ExtensionService#_doActivateExtension vscode.git-base, startup: true, activationEvent: '*', root cause: vscode.git
2025-06-23 16:45:38.925 [info] ExtensionService#_doActivateExtension vscode.git, startup: true, activationEvent: '*'
2025-06-23 16:45:39.030 [info] ExtensionService#_doActivateExtension vscode.github, startup: true, activationEvent: '*'
2025-06-23 16:45:39.452 [info] Eager extensions activated
2025-06-23 16:45:39.467 [info] ExtensionService#_doActivateExtension vscode.debug-auto-launch, startup: false, activationEvent: 'onStartupFinished'
2025-06-23 16:45:39.475 [info] ExtensionService#_doActivateExtension vscode.merge-conflict, startup: false, activationEvent: 'onStartupFinished'
2025-06-23 16:46:01.383 [info] Extension host terminating: renderer closed the MessagePort
2025-06-23 16:46:01.418 [info] Extension host with pid 2425 exiting with code 0
2025-06-23 16:46:04.554 [info] Extension host with pid 2586 started
2025-06-23 16:46:04.554 [info] Skipping acquiring lock for /home/alice/.config/Code - OSS/User/workspaceStorage/5a24ca8471c14c3bc5b6189d4a3b768d.
2025-06-23 16:46:04.665 [info] ExtensionService#_doActivateExtension vscode.emmet, startup: false, activationEvent: 'onLanguage'
2025-06-23 16:46:04.719 [info] ExtensionService#_doActivateExtension vscode.css-language-features, startup: false, activationEvent: 'onLanguage:css'
2025-06-23 16:46:05.333 [info] ExtensionService#_doActivateExtension vscode.configuration-editing, startup: false, activationEvent: 'onLanguage:jsonc'
2025-06-23 16:46:05.371 [info] ExtensionService#_doActivateExtension vscode.json-language-features, startup: false, activationEvent: 'onLanguage:jsonc'
2025-06-23 16:46:05.569 [info] ExtensionService#_doActivateExtension vscode.typescript-language-features, startup: false, activationEvent: 'onLanguage:jsonc'
2025-06-23 16:46:05.802 [info] ExtensionService#_doActivateExtension vscode.git-base, startup: true, activationEvent: '*', root cause: vscode.git
2025-06-23 16:46:05.869 [info] ExtensionService#_doActivateExtension vscode.git, startup: true, activationEvent: '*'
2025-06-23 16:46:05.989 [info] ExtensionService#_doActivateExtension vscode.github, startup: true, activationEvent: '*'
2025-06-23 16:46:06.363 [info] Eager extensions activated
2025-06-23 16:46:06.370 [info] ExtensionService#_doActivateExtension vscode.debug-auto-launch, startup: false, activationEvent: 'onStartupFinished'
2025-06-23 16:46:06.376 [info] ExtensionService#_doActivateExtension vscode.merge-conflict, startup: false, activationEvent: 'onStartupFinished'
2025-06-23 17:24:51.947 [info] Extension host terminating: renderer closed the MessagePort
2025-06-23 17:24:52.051 [info] Extension host with pid 2586 exiting with code 0
